<?xml version="1.0" encoding="UTF-8"?>
<!-- Generated by org.testng.reporters.JUnitReportReporter -->
<testsuite hostname="DESKTOP-6581DCU" failures="0" tests="1" name="Testcases.createIssue" time="2.469" errors="0" timestamp="2020-11-22T11:32:29 IST" skipped="0">
  <testcase classname="Testcases.createIssue" name="createIssue" time="2.469"/>
  <system-out/>
</testsuite> <!-- Testcases.createIssue -->
